<?xml version="1.0" encoding="UTF-8"?>
<!-- Generated by org.testng.reporters.JUnitXMLReporter -->
<testsuite ignored="3" hostname="Sakthivels-MacBook-Air.local" failures="0" tests="1" name="Default test" time="109.611" errors="0" timestamp="2025-12-19T18:44:10 IST">
  <testcase classname="com.ui.tests.LoginTest" name="loginPage" time="10.997"/>
  <testcase classname="com.ui.tests.LoginTest" name="loginExcelDataTest" time="0.0">
    <ignored/>
  </testcase> <!-- loginExcelDataTest -->
  <testcase classname="com.ui.tests.LoginTest" name="loginCSVDataTest" time="0.0">
    <ignored/>
  </testcase> <!-- loginCSVDataTest -->
  <testcase classname="com.ui.tests.LoginTest" name="loginTest" time="0.0">
    <ignored/>
  </testcase> <!-- loginTest -->
</testsuite> <!-- Default test -->
