2025-12-20 22:24:43 [main] INFO com.ui.listeners.TestListener Test suite started 
2025-12-20 22:25:48 [TestNG-test-UI Automation suite-4] INFO com.ui.listeners.TestListener loginTest 
2025-12-20 22:25:48 [TestNG-test-UI Automation suite-3] INFO com.ui.listeners.TestListener loginExcelDataTest 
2025-12-20 22:25:48 [TestNG-test-UI Automation suite-4] INFO com.ui.listeners.TestListener Verify valid user is able to login into the application 
2025-12-20 22:25:48 [TestNG-test-UI Automation suite-3] INFO com.ui.listeners.TestListener Verify valid user is able to login into the application 
2025-12-20 22:25:48 [TestNG-test-UI Automation suite-4] INFO com.ui.listeners.TestListener [sanity, e2e] 
2025-12-20 22:25:48 [TestNG-test-UI Automation suite-3] INFO com.ui.listeners.TestListener [sanity, e2e] 
2025-12-20 22:25:48 [TestNG-test-UI Automation suite-1] INFO com.ui.listeners.TestListener launchLoginPage 
2025-12-20 22:25:48 [TestNG-test-UI Automation suite-1] INFO com.ui.listeners.TestListener  
2025-12-20 22:25:48 [TestNG-test-UI Automation suite-1] INFO com.ui.listeners.TestListener [] 
2025-12-20 22:25:48 [TestNG-test-UI Automation suite-2] INFO com.ui.listeners.TestListener loginCSVDataTest 
2025-12-20 22:25:48 [TestNG-test-UI Automation suite-2] INFO com.ui.listeners.TestListener Verify valid user is able to login into the application 
2025-12-20 22:25:48 [TestNG-test-UI Automation suite-2] INFO com.ui.listeners.TestListener [sanity, e2e] 
2025-12-20 22:25:49 [TestNG-test-UI Automation suite-1] ERROR com.ui.listeners.TestListener launchLoginPage  FAILED 
2025-12-20 22:25:49 [TestNG-test-UI Automation suite-3] WARN com.ui.listeners.TestListener loginExcelDataTest  SKIPPED 
2025-12-20 22:25:49 [TestNG-test-UI Automation suite-1] ERROR com.ui.listeners.TestListener no such element: Unable to locate element: {"method":"xpath","selector":"//a[contains(text(),'Sign in')]"}
  (Session info: chrome=143.0.7499.148)
For documentation on this error, please visit: https://www.selenium.dev/documentation/webdriver/troubleshooting/errors#no-such-element-exception
Build info: version: '4.25.0', revision: '8a8aea2337'
System info: os.name: 'Mac OS X', os.arch: 'x86_64', os.version: '26.0', java.version: '21.0.8'
Driver info: org.openqa.selenium.chrome.ChromeDriver
Command: [2fd7ac6ee6c6b5b48fc664b534ab8c9f, findElement {value=//a[contains(text(),'Sign in')], using=xpath}]
Capabilities {acceptInsecureCerts: false, browserName: chrome, browserVersion: 143.0.7499.148, chrome: {chromedriverVersion: 143.0.7499.169 (164b20aab62..., userDataDir: /var/folders/zh/0xqqj_q93kz...}, fedcm:accounts: true, goog:chromeOptions: {debuggerAddress: localhost:49332}, goog:processID: 1736, networkConnectionEnabled: false, pageLoadStrategy: normal, platformName: mac, proxy: Proxy(), se:cdp: ws://localhost:49332/devtoo..., se:cdpVersion: 143.0.7499.148, setWindowRect: true, strictFileInteractability: false, timeouts: {implicit: 0, pageLoad: 300000, script: 30000}, unhandledPromptBehavior: dismiss and notify, webauthn:extension:credBlob: true, webauthn:extension:largeBlob: true, webauthn:extension:minPinLength: true, webauthn:extension:prf: true, webauthn:virtualAuthenticators: true}
Session ID: 2fd7ac6ee6c6b5b48fc664b534ab8c9f 
2025-12-20 22:25:49 [TestNG-test-UI Automation suite-2] ERROR com.ui.listeners.TestListener loginCSVDataTest  FAILED 
2025-12-20 22:25:49 [TestNG-test-UI Automation suite-4] ERROR com.ui.listeners.TestListener loginTest  FAILED 
2025-12-20 22:25:49 [TestNG-test-UI Automation suite-2] ERROR com.ui.listeners.TestListener no such element: Unable to locate element: {"method":"xpath","selector":"//a[contains(text(),'Sign in')]"}
  (Session info: chrome=143.0.7499.148)
For documentation on this error, please visit: https://www.selenium.dev/documentation/webdriver/troubleshooting/errors#no-such-element-exception
Build info: version: '4.25.0', revision: '8a8aea2337'
System info: os.name: 'Mac OS X', os.arch: 'x86_64', os.version: '26.0', java.version: '21.0.8'
Driver info: org.openqa.selenium.chrome.ChromeDriver
Command: [7a3429f09ddbf97fd71b6f3f4efcc10c, findElement {value=//a[contains(text(),'Sign in')], using=xpath}]
Capabilities {acceptInsecureCerts: false, browserName: chrome, browserVersion: 143.0.7499.148, chrome: {chromedriverVersion: 143.0.7499.169 (164b20aab62..., userDataDir: /var/folders/zh/0xqqj_q93kz...}, fedcm:accounts: true, goog:chromeOptions: {debuggerAddress: localhost:49331}, goog:processID: 1737, networkConnectionEnabled: false, pageLoadStrategy: normal, platformName: mac, proxy: Proxy(), se:cdp: ws://localhost:49331/devtoo..., se:cdpVersion: 143.0.7499.148, setWindowRect: true, strictFileInteractability: false, timeouts: {implicit: 0, pageLoad: 300000, script: 30000}, unhandledPromptBehavior: dismiss and notify, webauthn:extension:credBlob: true, webauthn:extension:largeBlob: true, webauthn:extension:minPinLength: true, webauthn:extension:prf: true, webauthn:virtualAuthenticators: true}
Session ID: 7a3429f09ddbf97fd71b6f3f4efcc10c 
2025-12-20 22:25:49 [TestNG-test-UI Automation suite-4] ERROR com.ui.listeners.TestListener no such element: Unable to locate element: {"method":"xpath","selector":"//a[contains(text(),'Sign in')]"}
  (Session info: chrome=143.0.7499.148)
For documentation on this error, please visit: https://www.selenium.dev/documentation/webdriver/troubleshooting/errors#no-such-element-exception
Build info: version: '4.25.0', revision: '8a8aea2337'
System info: os.name: 'Mac OS X', os.arch: 'x86_64', os.version: '26.0', java.version: '21.0.8'
Driver info: org.openqa.selenium.chrome.ChromeDriver
Command: [edb25fb632f668e143d8f6920c456639, findElement {value=//a[contains(text(),'Sign in')], using=xpath}]
Capabilities {acceptInsecureCerts: false, browserName: chrome, browserVersion: 143.0.7499.148, chrome: {chromedriverVersion: 143.0.7499.169 (164b20aab62..., userDataDir: /var/folders/zh/0xqqj_q93kz...}, fedcm:accounts: true, goog:chromeOptions: {debuggerAddress: localhost:49334}, goog:processID: 1735, networkConnectionEnabled: false, pageLoadStrategy: normal, platformName: mac, proxy: Proxy(), se:cdp: ws://localhost:49334/devtoo..., se:cdpVersion: 143.0.7499.148, setWindowRect: true, strictFileInteractability: false, timeouts: {implicit: 0, pageLoad: 300000, script: 30000}, unhandledPromptBehavior: dismiss and notify, webauthn:extension:credBlob: true, webauthn:extension:largeBlob: true, webauthn:extension:minPinLength: true, webauthn:extension:prf: true, webauthn:virtualAuthenticators: true}
Session ID: edb25fb632f668e143d8f6920c456639 
2025-12-20 22:25:59 [TestNG-test-UI Automation suite-3] INFO com.ui.listeners.TestListener loginExcelDataTest 
2025-12-20 22:25:59 [TestNG-test-UI Automation suite-2] INFO com.ui.listeners.TestListener loginCSVDataTest 
2025-12-20 22:25:59 [TestNG-test-UI Automation suite-4] INFO com.ui.listeners.TestListener loginTest 
2025-12-20 22:25:59 [TestNG-test-UI Automation suite-4] INFO com.ui.listeners.TestListener Verify valid user is able to login into the application 
2025-12-20 22:25:59 [TestNG-test-UI Automation suite-2] INFO com.ui.listeners.TestListener Verify valid user is able to login into the application 
2025-12-20 22:25:59 [TestNG-test-UI Automation suite-3] INFO com.ui.listeners.TestListener Verify valid user is able to login into the application 
2025-12-20 22:25:59 [TestNG-test-UI Automation suite-3] INFO com.ui.listeners.TestListener [sanity, e2e] 
2025-12-20 22:25:59 [TestNG-test-UI Automation suite-2] INFO com.ui.listeners.TestListener [sanity, e2e] 
2025-12-20 22:25:59 [TestNG-test-UI Automation suite-4] INFO com.ui.listeners.TestListener [sanity, e2e] 
2025-12-20 22:26:00 [TestNG-test-UI Automation suite-3] WARN com.ui.listeners.TestListener loginExcelDataTest  SKIPPED 
2025-12-20 22:26:00 [TestNG-test-UI Automation suite-2] ERROR com.ui.listeners.TestListener loginCSVDataTest  FAILED 
2025-12-20 22:26:00 [TestNG-test-UI Automation suite-2] ERROR com.ui.listeners.TestListener no such element: Unable to locate element: {"method":"xpath","selector":"//a[contains(text(),'Sign in')]"}
  (Session info: chrome=143.0.7499.148)
For documentation on this error, please visit: https://www.selenium.dev/documentation/webdriver/troubleshooting/errors#no-such-element-exception
Build info: version: '4.25.0', revision: '8a8aea2337'
System info: os.name: 'Mac OS X', os.arch: 'x86_64', os.version: '26.0', java.version: '21.0.8'
Driver info: org.openqa.selenium.chrome.ChromeDriver
Command: [a7777b685170140d83be422107d59aa4, findElement {value=//a[contains(text(),'Sign in')], using=xpath}]
Capabilities {acceptInsecureCerts: false, browserName: chrome, browserVersion: 143.0.7499.148, chrome: {chromedriverVersion: 143.0.7499.169 (164b20aab62..., userDataDir: /var/folders/zh/0xqqj_q93kz...}, fedcm:accounts: true, goog:chromeOptions: {debuggerAddress: localhost:49399}, goog:processID: 1840, networkConnectionEnabled: false, pageLoadStrategy: normal, platformName: mac, proxy: Proxy(), se:cdp: ws://localhost:49399/devtoo..., se:cdpVersion: 143.0.7499.148, setWindowRect: true, strictFileInteractability: false, timeouts: {implicit: 0, pageLoad: 300000, script: 30000}, unhandledPromptBehavior: dismiss and notify, webauthn:extension:credBlob: true, webauthn:extension:largeBlob: true, webauthn:extension:minPinLength: true, webauthn:extension:prf: true, webauthn:virtualAuthenticators: true}
Session ID: a7777b685170140d83be422107d59aa4 
2025-12-20 22:26:00 [TestNG-test-UI Automation suite-4] ERROR com.ui.listeners.TestListener loginTest  FAILED 
2025-12-20 22:26:00 [TestNG-test-UI Automation suite-4] ERROR com.ui.listeners.TestListener no such element: Unable to locate element: {"method":"xpath","selector":"//a[contains(text(),'Sign in')]"}
  (Session info: chrome=143.0.7499.148)
For documentation on this error, please visit: https://www.selenium.dev/documentation/webdriver/troubleshooting/errors#no-such-element-exception
Build info: version: '4.25.0', revision: '8a8aea2337'
System info: os.name: 'Mac OS X', os.arch: 'x86_64', os.version: '26.0', java.version: '21.0.8'
Driver info: org.openqa.selenium.chrome.ChromeDriver
Command: [ef936f08238bf4d37c5a9a8db57cd79a, findElement {value=//a[contains(text(),'Sign in')], using=xpath}]
Capabilities {acceptInsecureCerts: false, browserName: chrome, browserVersion: 143.0.7499.148, chrome: {chromedriverVersion: 143.0.7499.169 (164b20aab62..., userDataDir: /var/folders/zh/0xqqj_q93kz...}, fedcm:accounts: true, goog:chromeOptions: {debuggerAddress: localhost:49400}, goog:processID: 1841, networkConnectionEnabled: false, pageLoadStrategy: normal, platformName: mac, proxy: Proxy(), se:cdp: ws://localhost:49400/devtoo..., se:cdpVersion: 143.0.7499.148, setWindowRect: true, strictFileInteractability: false, timeouts: {implicit: 0, pageLoad: 300000, script: 30000}, unhandledPromptBehavior: dismiss and notify, webauthn:extension:credBlob: true, webauthn:extension:largeBlob: true, webauthn:extension:minPinLength: true, webauthn:extension:prf: true, webauthn:virtualAuthenticators: true}
Session ID: ef936f08238bf4d37c5a9a8db57cd79a 
2025-12-20 22:26:08 [TestNG-test-UI Automation suite-3] INFO com.ui.listeners.TestListener loginExcelDataTest 
2025-12-20 22:26:08 [TestNG-test-UI Automation suite-3] INFO com.ui.listeners.TestListener Verify valid user is able to login into the application 
2025-12-20 22:26:08 [TestNG-test-UI Automation suite-3] INFO com.ui.listeners.TestListener [sanity, e2e] 
2025-12-20 22:26:08 [TestNG-test-UI Automation suite-3] WARN com.ui.listeners.TestListener loginExcelDataTest  SKIPPED 
2025-12-20 22:26:17 [TestNG-test-UI Automation suite-3] INFO com.ui.listeners.TestListener loginExcelDataTest 
2025-12-20 22:26:17 [TestNG-test-UI Automation suite-3] INFO com.ui.listeners.TestListener Verify valid user is able to login into the application 
2025-12-20 22:26:17 [TestNG-test-UI Automation suite-3] INFO com.ui.listeners.TestListener [sanity, e2e] 
2025-12-20 22:26:17 [TestNG-test-UI Automation suite-3] ERROR com.ui.listeners.TestListener loginExcelDataTest  FAILED 
2025-12-20 22:26:17 [TestNG-test-UI Automation suite-3] ERROR com.ui.listeners.TestListener no such element: Unable to locate element: {"method":"xpath","selector":"//a[contains(text(),'Sign in')]"}
  (Session info: chrome=143.0.7499.148)
For documentation on this error, please visit: https://www.selenium.dev/documentation/webdriver/troubleshooting/errors#no-such-element-exception
Build info: version: '4.25.0', revision: '8a8aea2337'
System info: os.name: 'Mac OS X', os.arch: 'x86_64', os.version: '26.0', java.version: '21.0.8'
Driver info: org.openqa.selenium.chrome.ChromeDriver
Command: [ad09982213d31eab6933c87c2ed1f585, findElement {value=//a[contains(text(),'Sign in')], using=xpath}]
Capabilities {acceptInsecureCerts: false, browserName: chrome, browserVersion: 143.0.7499.148, chrome: {chromedriverVersion: 143.0.7499.169 (164b20aab62..., userDataDir: /var/folders/zh/0xqqj_q93kz...}, fedcm:accounts: true, goog:chromeOptions: {debuggerAddress: localhost:49460}, goog:processID: 1917, networkConnectionEnabled: false, pageLoadStrategy: normal, platformName: mac, proxy: Proxy(), se:cdp: ws://localhost:49460/devtoo..., se:cdpVersion: 143.0.7499.148, setWindowRect: true, strictFileInteractability: false, timeouts: {implicit: 0, pageLoad: 300000, script: 30000}, unhandledPromptBehavior: dismiss and notify, webauthn:extension:credBlob: true, webauthn:extension:largeBlob: true, webauthn:extension:minPinLength: true, webauthn:extension:prf: true, webauthn:virtualAuthenticators: true}
Session ID: ad09982213d31eab6933c87c2ed1f585 
2025-12-20 22:26:18 [main] INFO com.ui.listeners.TestListener Test suite completed 
