<?xml version="1.0" encoding="UTF-8"?>
<testng-results ignored="0" total="1" passed="1" failed="0" skipped="0">
  <reporter-output>
  </reporter-output>
  <suite started-at="2025-12-24T23:34:14 IST" name="Default suite" finished-at="2025-12-24T23:35:06 IST" duration-ms="52118">
    <groups>
    </groups>
    <test started-at="2025-12-24T23:34:14 IST" name="Default test" finished-at="2025-12-24T23:35:06 IST" duration-ms="52118">
      <class name="com.ui.tests.ProductCheckoutTest">
        <test-method is-config="true" signature="setUp(java.lang.String,boolean,boolean,org.testng.ITestResult)[pri:0, instance:com.ui.tests.ProductCheckoutTest@35e2d654]" started-at="2025-12-24T23:34:14 IST" name="setUp" description="Load the Homepage of the website" finished-at="2025-12-24T23:34:31 IST" duration-ms="16990" status="PASS">
          <params>
            <param index="0">
              <value>
                <![CDATA[chrome]]>
              </value>
            </param>
            <param index="1">
              <value>
                <![CDATA[false]]>
              </value>
            </param>
            <param index="2">
              <value>
                <![CDATA[false]]>
              </value>
            </param>
            <param index="3">
              <value>
                <![CDATA[[TestResult name={null} status=CREATED method=ProductCheckoutTest.checkoutTest()[pri:0, instance:com.ui.tests.ProductCheckoutTest@35e2d654] output={null}]]]>
              </value>
            </param>
          </params>
          <reporter-output>
          </reporter-output>
        </test-method> <!-- setUp -->
        <test-method is-config="true" signature="setup()[pri:0, instance:com.ui.tests.ProductCheckoutTest@35e2d654]" started-at="2025-12-24T23:34:31 IST" name="setup" finished-at="2025-12-24T23:34:39 IST" duration-ms="7933" status="PASS">
          <reporter-output>
          </reporter-output>
        </test-method> <!-- setup -->
        <test-method signature="checkoutTest()[pri:0, instance:com.ui.tests.ProductCheckoutTest@35e2d654]" started-at="2025-12-24T23:34:39 IST" name="checkoutTest" description="verify logged in user can able to buy a product" finished-at="2025-12-24T23:35:06 IST" duration-ms="27082" status="PASS">
          <reporter-output>
          </reporter-output>
        </test-method> <!-- checkoutTest -->
      </class> <!-- com.ui.tests.ProductCheckoutTest -->
    </test> <!-- Default test -->
  </suite> <!-- Default suite -->
</testng-results>
